
Jun  1 14:16 [sky_red.fits]: SN2009ls
  6301.209  86.17216   26064.3    -302.5   1702.42     14.38        0.

Jun  1 14:17 [sky_red.fits]: SN2009ls
  8344.569  209.3855    49273.    -235.3   3044.09     15.21        0.
  8826.919  208.6846   64361.6    -308.4   3744.49     16.15        0.
  8826.945  229.6511   63619.2     -277.   3729.48     16.03        0.
  8344.595  99.36589   53161.1     -535.    3120.7       16.        0.
  6301.088  122.4099   24875.8    -203.2   1676.29     13.94        0.

Jun  1 14:18 [sky_blu.fits]: SN2010F
  5576.702  44.32634   60693.4    -1369.   4124.29     13.82        0.
  6301.239  48.99409   45107.6    -920.7   2960.94     14.31        0.

Jun  1 14:20 [sky_red.fits]: SN2009ls
  6301.053   141.991   24307.8    -171.2   1660.48     13.75        0.
  6362.644  92.81125   7909.92    -85.23   622.431     11.94        0.
  8344.618  376.8928   43862.8    -116.4   2916.83     14.13        0.
  8826.919  258.2584   62751.8     -243.   3700.81     15.93        0.

Jun  1 14:23 [sky_red.fits]: SN2009ls
   6303.14  109.1203   25281.1    -231.7   1687.43     14.07        0.

Jul 16 19:06 [sky_red]: SN2009ls
  6303.154  36.29532   27607.5    -760.6   1743.49     14.88        0.
  8346.628  30.72136    55737.    -1814.   3166.73     16.53        0.
  8346.553  189.6055    49946.    -263.4   3058.32     15.34        0.
  8346.383  159.3153   50946.7    -319.8   3081.02     15.53        0.

Jul 16 19:08 [sky_red]: SN2009ls
  7241.016  47.30792   30982.3    -654.9   1785.55      16.3        0.
  7275.839  228.3189   23954.3    -104.9   1498.79     15.01        0.
  7240.969  140.5851   27587.7    -196.2   1725.39     15.02        0.
   7476.59  141.7361   13309.8    -93.91   609.318     20.52        0.
  7750.246  474.9677   22584.1    -47.55   1572.52     13.49        0.
  7750.906  612.7501   19174.5    -31.29   1446.12     12.46        0.
  7714.462  159.6649   37736.3    -236.3   2269.16     15.62        0.
  7915.357  393.9504   36498.4    -92.65   2084.09     16.45        0.
  6303.153  108.1712    25302.    -233.9   1688.67     14.08        0.
  6364.756  48.62475   9119.53    -187.5    656.93     13.04        0.
